<?xml version="1.0" encoding="UTF-8"?>
<!-- Generated by org.testng.reporters.JUnitReportReporter -->
<testsuite skipped="0" hostname="DESKTOP-HOUL31A" name="packone.day2" tests="2" failures="0" timestamp="2020-03-11T18:42:12 IST" time="0.011" errors="0">
  <testcase name="d" time="0.009" classname="packone.day2"/>
  <testcase name="e" time="0.002" classname="packone.day2"/>
</testsuite> <!-- packone.day2 -->
