<?xml version="1.0" encoding="UTF-8"?>
<!-- Generated by org.testng.reporters.JUnitReportReporter -->
<testsuite skipped="0" hostname="DESKTOP-HOUL31A" name="packone.day1" tests="2" failures="0" timestamp="2020-03-11T18:42:12 IST" time="0.001" errors="0">
  <testcase name="demo" time="0.001" classname="packone.day1"/>
  <testcase name="start" time="0.000" classname="packone.day1"/>
</testsuite> <!-- packone.day1 -->
