<?xml version="1.0" encoding="UTF-8"?>
<!-- Generated by org.testng.reporters.JUnitReportReporter -->
<testsuite hostname="DESKTOP-HOUL31A" name="TestNG.test1" tests="1" failures="0" timestamp="16 Mar 2020 14:26:49 GMT" time="0.288" errors="0">
  <testcase name="test" time="0.288" classname="TestNG.test1"/>
</testsuite> <!-- TestNG.test1 -->
